[    0.000000] Initializing cgroup subsys cpuset
[    0.000000] Initializing cgroup subsys cpu
[    0.000000] Initializing cgroup subsys cpuacct
[    0.000000] Linux version 4.4.0-141-generic (buildd@lcy01-amd64-006) (gcc version 5.4.0 20160609 (Ubuntu 5.4.0-6ubuntu1~16.04.10) ) #167-Ubuntu SMP Wed Dec 5 10:40:15 UTC 2018 (Ubuntu 4.4.0-141.167-generic 4.4.162)
[    0.000000] Command line: BOOT_IMAGE=/boot/vmlinuz-4.4.0-141-generic root=LABEL=cloudimg-rootfs ro console=tty1 console=ttyS0
[    0.000000] KERNEL supported cpus:
[    0.000000]   Intel GenuineIntel
[    0.000000]   AMD AuthenticAMD
[    0.000000]   Centaur CentaurHauls
[    0.000000] x86/fpu: xstate_offset[2]:  576, xstate_sizes[2]:  256
[    0.000000] x86/fpu: Supporting XSAVE feature 0x01: 'x87 floating point registers'
[    0.000000] x86/fpu: Supporting XSAVE feature 0x02: 'SSE registers'
[    0.000000] x86/fpu: Supporting XSAVE feature 0x04: AVX registers'
[    0.000000] x86/fpu: Enabled xstate features 0x7, context size is 832 bytes, using 'standard' format.
[    0.000000] e820: BIOS-provided physical RAM map:
[    0.000000] BIOS-e820: [mem 0x0000000000000000-0x000000000009fbff] usable
[    0.000000] BIOS-e820: [mem 0x000000000009fc00-0x000000000009ffff] reserved
[    0.000000] BIOS-e820: [mem 0x00000000000f0000-0x00000000000fffff] reserved
[    0.000000] BIOS-e820: [mem 0x0000000000100000-0x000000003ffeffff] usable
[    0.000000] BIOS-e820: [mem 0x000000003fff0000-0x000000003fffffff] ACPI data
[    0.000000] BIOS-e820: [mem 0x00000000fec00000-0x00000000fec00fff] reserved
[    0.000000] BIOS-e820: [mem 0x00000000fee00000-0x00000000fee00fff] reserved
[    0.000000] BIOS-e820: [mem 0x00000000fffc0000-0x00000000ffffffff] reserved
[    0.000000] NX (Execute Disable) protection: active
[    0.000000] SMBIOS 2.5 present.
[    0.000000] Hypervisor detected: KVM
[    0.000000] e820: last_pfn = 0x3fff0 max_arch_pfn = 0x400000000
[    0.000000] MTRR: Disabled
[    0.000000] x86/PAT: MTRRs disabled, skipping PAT initialization too.
[    0.000000] CPU MTRRs all blank - virtualized system.
[    0.000000] x86/PAT: Configuration [0-7]: WB  WT  UC- UC  WB  WT  UC- UC  
[    0.000000] found SMP MP-table at [mem 0x0009fff0-0x0009ffff] mapped at [ffff88000009fff0]
[    0.000000] Scanning 1 areas for low memory corruption
[    0.000000] RAMDISK: [mem 0x36304000-0x37179fff]
[    0.000000] ACPI: Early table checksum verification disabled
[    0.000000] ACPI: RSDP 0x00000000000E0000 000024 (v02 VBOX  )
[    0.000000] ACPI: XSDT 0x000000003FFF0030 00003C (v01 VBOX   VBOXXSDT 00000001 ASL  00000061)
[    0.000000] ACPI: FACP 0x000000003FFF00F0 0000F4 (v04 VBOX   VBOXFACP 00000001 ASL  00000061)
[    0.000000] ACPI: DSDT 0x000000003FFF0470 0021FF (v02 VBOX   VBOXBIOS 00000002 INTL 20180629)
[    0.000000] ACPI: FACS 0x000000003FFF0200 000040
[    0.000000] ACPI: FACS 0x000000003FFF0200 000040
[    0.000000] ACPI: APIC 0x000000003FFF0240 00005C (v02 VBOX   VBOXAPIC 00000001 ASL  00000061)
[    0.000000] ACPI: SSDT 0x000000003FFF02A0 0001CC (v01 VBOX   VBOXCPUT 00000002 INTL 20180629)
[    0.000000] No NUMA configuration found
[    0.000000] Faking a node at [mem 0x0000000000000000-0x000000003ffeffff]
[    0.000000] NODE_DATA(0) allocated [mem 0x3ffeb000-0x3ffeffff]
[    0.000000] kvm-clock: Using msrs 4b564d01 and 4b564d00
[    0.000000] kvm-clock: cpu 0, msr 0:3ffe3001, primary cpu clock
[    0.000000] kvm-clock: using sched offset of 3345324510 cycles
[    0.000000] clocksource: kvm-clock: mask: 0xffffffffffffffff max_cycles: 0x1cd42e4dffb, max_idle_ns: 881590591483 ns
[    0.000000] Zone ranges:
[    0.000000]   DMA      [mem 0x0000000000001000-0x0000000000ffffff]
[    0.000000]   DMA32    [mem 0x0000000001000000-0x000000003ffeffff]
[    0.000000]   Normal   empty
[    0.000000]   Device   empty
[    0.000000] Movable zone start for each node
[    0.000000] Early memory node ranges
[    0.000000]   node   0: [mem 0x0000000000001000-0x000000000009efff]
[    0.000000]   node   0: [mem 0x0000000000100000-0x000000003ffeffff]
[    0.000000] Initmem setup node 0 [mem 0x0000000000001000-0x000000003ffeffff]
[    0.000000] ACPI: PM-Timer IO Port: 0x4008
[    0.000000] IOAPIC[0]: apic_id 2, version 32, address 0xfec00000, GSI 0-23
[    0.000000] ACPI: INT_SRC_OVR (bus 0 bus_irq 0 global_irq 2 dfl dfl)
[    0.000000] ACPI: INT_SRC_OVR (bus 0 bus_irq 9 global_irq 9 low level)
[    0.000000] Using ACPI (MADT) for SMP configuration information
[    0.000000] smpboot: Allowing 2 CPUs, 0 hotplug CPUs
[    0.000000] PM: Registered nosave memory: [mem 0x00000000-0x00000fff]
[    0.000000] PM: Registered nosave memory: [mem 0x0009f000-0x0009ffff]
[    0.000000] PM: Registered nosave memory: [mem 0x000a0000-0x000effff]
[    0.000000] PM: Registered nosave memory: [mem 0x000f0000-0x000fffff]
[    0.000000] e820: [mem 0x40000000-0xfebfffff] available for PCI devices
[    0.000000] Booting paravirtualized kernel on KVM
[    0.000000] clocksource: refined-jiffies: mask: 0xffffffff max_cycles: 0xffffffff, max_idle_ns: 7645519600211568 ns
[    0.000000] setup_percpu: NR_CPUS:512 nr_cpumask_bits:512 nr_cpu_ids:2 nr_node_ids:1
[    0.000000] PERCPU: Embedded 34 pages/cpu @ffff88003fc00000 s99608 r8192 d31464 u1048576
[    0.000000] PV qspinlock hash table entries: 256 (order: 0, 4096 bytes)
[    0.000000] Built 1 zonelists in Node order, mobility grouping on.  Total pages: 257912
[    0.000000] Policy zone: DMA32
[    0.000000] Kernel command line: BOOT_IMAGE=/boot/vmlinuz-4.4.0-141-generic root=LABEL=cloudimg-rootfs ro console=tty1 console=ttyS0
[    0.000000] PID hash table entries: 4096 (order: 3, 32768 bytes)
[    0.000000] Memory: 997696K/1048120K available (8568K kernel code, 1314K rwdata, 4008K rodata, 1528K init, 1316K bss, 50424K reserved, 0K cma-reserved)
[    0.000000] SLUB: HWalign=64, Order=0-3, MinObjects=0, CPUs=2, Nodes=1
[    0.000000] Kernel/User page tables isolation: enabled
[    0.000000] Hierarchical RCU implementation.
[    0.000000] 	Build-time adjustment of leaf fanout to 64.
[    0.000000] 	RCU restricting CPUs from NR_CPUS=512 to nr_cpu_ids=2.
[    0.000000] RCU: Adjusting geometry for rcu_fanout_leaf=64, nr_cpu_ids=2
[    0.000000] NR_IRQS:33024 nr_irqs:440 16
[    0.000000] Console: colour VGA+ 80x25
[    0.000000] console [tty1] enabled
[    0.000000] console [ttyS0] enabled
[    0.000000] tsc: Detected 2294.798 MHz processor
[    0.324736] Calibrating delay loop (skipped) preset value.. 4589.59 BogoMIPS (lpj=9179192)
[    0.326767] pid_max: default: 32768 minimum: 301
[    0.327933] ACPI: Core revision 20150930
[    0.330045] ACPI: 2 ACPI AML tables successfully acquired and loaded
[    0.331661] Security Framework initialized
[    0.332663] Yama: becoming mindful.
[    0.333573] AppArmor: AppArmor initialized
[    0.334654] Dentry cache hash table entries: 131072 (order: 8, 1048576 bytes)
[    0.337045] Inode-cache hash table entries: 65536 (order: 7, 524288 bytes)
[    0.338637] Mount-cache hash table entries: 2048 (order: 2, 16384 bytes)
[    0.340131] Mountpoint-cache hash table entries: 2048 (order: 2, 16384 bytes)
[    0.344946] Initializing cgroup subsys io
[    0.346459] Initializing cgroup subsys memory
[    0.348123] Initializing cgroup subsys devices
[    0.349327] Initializing cgroup subsys freezer
[    0.350376] Initializing cgroup subsys net_cls
[    0.351442] Initializing cgroup subsys perf_event
[    0.352592] Initializing cgroup subsys net_prio
[    0.353671] Initializing cgroup subsys hugetlb
[    0.354719] Initializing cgroup subsys pids
[    0.356209] mce: CPU supports 0 MCE banks
[    0.357218] Last level iTLB entries: 4KB 512, 2MB 8, 4MB 8
[    0.358472] Last level dTLB entries: 4KB 512, 2MB 32, 4MB 32, 1GB 0
[    0.359872] Spectre V2 : Mitigation: Full generic retpoline
[    0.361108] Spectre V2 : Spectre v2 mitigation: Speculation control IBPB not-supported IBRS not-supported
[    0.363004] Spectre V2 : Spectre v2 / SpectreRSB mitigation: Filling RSB on context switch
[    0.365326] Speculative Store Bypass: Vulnerable
[    0.369589] Freeing SMP alternatives memory: 32K
[    0.380702] ftrace: allocating 32291 entries in 127 pages
[    0.448424] smpboot: APIC(0) Converting physical 0 to logical package 0
[    0.449933] smpboot: Max logical packages: 1
[    0.451293] x2apic enabled
[    0.452360] Switched APIC routing to physical x2apic.
[    0.454794] ..TIMER: vector=0x30 apic1=0 pin1=2 apic2=-1 pin2=-1
[    0.563696] smpboot: CPU0: Intel(R) Core(TM) i5-3427U CPU @ 1.80GHz (family: 0x6, model: 0x3a, stepping: 0x9)
[    0.572059] Performance Events: unsupported p6 CPU model 58 no PMU driver, software events only.
[    0.574750] KVM setup paravirtual spinlock
[    0.576885] x86: Booting SMP configuration:
[    0.578134] .... node  #0, CPUs:      #1
[    0.579554] kvm-clock: cpu 1, msr 0:3ffe3041, secondary cpu clock
[    0.581353] mce: CPU supports 0 MCE banks
[    0.584230] x86: Booted up 1 node, 2 CPUs
[    0.585676] smpboot: Total of 2 processors activated (9179.19 BogoMIPS)
[    0.589023] devtmpfs: initialized
[    0.592075] evm: security.selinux
[    0.593155] evm: security.SMACK64
[    0.594198] evm: security.SMACK64EXEC
[    0.595320] evm: security.SMACK64TRANSMUTE
[    0.596552] evm: security.SMACK64MMAP
[    0.597663] evm: security.ima
[    0.598636] evm: security.capability
[    0.600008] clocksource: jiffies: mask: 0xffffffff max_cycles: 0xffffffff, max_idle_ns: 7645041785100000 ns
[    0.602745] futex hash table entries: 512 (order: 3, 32768 bytes)
[    0.604612] pinctrl core: initialized pinctrl subsystem
[    0.606228] RTC time: 22:20:51, date: 02/14/19
[    0.607844] NET: Registered protocol family 16
[    0.624262] cpuidle: using governor ladder
[    0.636489] cpuidle: using governor menu
[    0.643339] PCCT header not found.
[    0.644818] ACPI: bus type PCI registered
[    0.646295] acpiphp: ACPI Hot Plug PCI Controller Driver version: 0.5
[    0.648577] PCI: Using configuration type 1 for base access
[    0.664902] ACPI: Added _OSI(Module Device)
[    0.668047] ACPI: Added _OSI(Processor Device)
[    0.669657] ACPI: Added _OSI(3.0 _SCP Extensions)
[    0.671280] ACPI: Added _OSI(Processor Aggregator Device)
[    0.674318] ACPI: Executed 1 blocks of module-level executable AML code
[    0.680380] ACPI: Interpreter enabled
[    0.684981] ACPI: (supports S0 S5)
[    0.685853] ACPI: Using IOAPIC for interrupt routing
[    0.687278] PCI: Using host bridge windows from ACPI; if necessary, use "pci=nocrs" and report a bug
[    0.693745] ACPI: PCI Root Bridge [PCI0] (domain 0000 [bus 00-ff])
[    0.695132] acpi PNP0A03:00: _OSC: OS supports [ASPM ClockPM Segments MSI]
[    0.696610] acpi PNP0A03:00: _OSC: not requesting OS control; OS requires [ExtendedConfig ASPM ClockPM MSI]
[    0.705212] acpi PNP0A03:00: fail to add MMCONFIG information, can't access extended PCI configuration space under this bridge.
[    0.709514] PCI host bridge to bus 0000:00
[    0.711002] pci_bus 0000:00: root bus resource [io  0x0000-0x0cf7 window]
[    0.713166] pci_bus 0000:00: root bus resource [io  0x0d00-0xffff window]
[    0.715327] pci_bus 0000:00: root bus resource [mem 0x000a0000-0x000bffff window]
[    0.718054] pci_bus 0000:00: root bus resource [mem 0x40000000-0xfdffffff window]
[    0.720777] pci_bus 0000:00: root bus resource [bus 00-ff]
[    0.725601] pci 0000:00:01.1: legacy IDE quirk: reg 0x10: [io  0x01f0-0x01f7]
[    0.733112] pci 0000:00:01.1: legacy IDE quirk: reg 0x14: [io  0x03f6]
[    0.735201] pci 0000:00:01.1: legacy IDE quirk: reg 0x18: [io  0x0170-0x0177]
[    0.737458] pci 0000:00:01.1: legacy IDE quirk: reg 0x1c: [io  0x0376]
[    0.778395] pci 0000:00:07.0: quirk: [io  0x4000-0x403f] claimed by PIIX4 ACPI
[    0.785507] pci 0000:00:07.0: quirk: [io  0x4100-0x410f] claimed by PIIX4 SMB
[    0.802454] ACPI: PCI Interrupt Link [LNKA] (IRQs 5 9 10 *11)
[    0.812374] ACPI: PCI Interrupt Link [LNKB] (IRQs 5 9 *10 11)
[    0.814384] ACPI: PCI Interrupt Link [LNKC] (IRQs 5 *9 10 11)
[    0.816302] ACPI: PCI Interrupt Link [LNKD] (IRQs 5 9 10 *11)
[    0.823958] ACPI: Enabled 2 GPEs in block 00 to 07
[    0.825910] vgaarb: setting as boot device: PCI:0000:00:02.0
[    0.828306] vgaarb: device added: PCI:0000:00:02.0,decodes=io+mem,owns=io+mem,locks=none
[    0.830254] vgaarb: loaded
[    0.831035] vgaarb: bridge control possible 0000:00:02.0
[    0.832576] SCSI subsystem initialized
[    0.833761] ACPI: bus type USB registered
[    0.834763] usbcore: registered new interface driver usbfs
[    0.836003] usbcore: registered new interface driver hub
[    0.837262] usbcore: registered new device driver usb
[    0.839362] PCI: Using ACPI for IRQ routing
[    0.840837] NetLabel: Initializing
[    0.841717] NetLabel:  domain hash size = 128
[    0.842743] NetLabel:  protocols = UNLABELED CIPSOv4
[    0.845365] NetLabel:  unlabeled traffic allowed by default
[    0.846817] amd_nb: Cannot enumerate AMD northbridges
[    0.848031] clocksource: Switched to clocksource kvm-clock
[    0.857238] AppArmor: AppArmor Filesystem Enabled
[    0.858506] pnp: PnP ACPI init
[    0.860323] pnp: PnP ACPI: found 3 devices
[    0.872862] clocksource: acpi_pm: mask: 0xffffff max_cycles: 0xffffff, max_idle_ns: 2085701024 ns
[    0.875028] NET: Registered protocol family 2
[    0.876328] TCP established hash table entries: 8192 (order: 4, 65536 bytes)
[    0.877837] TCP bind hash table entries: 8192 (order: 5, 131072 bytes)
[    0.879291] TCP: Hash tables configured (established 8192 bind 8192)
[    0.880741] UDP hash table entries: 512 (order: 2, 16384 bytes)
[    0.882033] UDP-Lite hash table entries: 512 (order: 2, 16384 bytes)
[    0.883484] NET: Registered protocol family 1
[    0.884551] pci 0000:00:00.0: Limiting direct PCI/PCI transfers
[    0.885861] pci 0000:00:01.0: Activating ISA DMA hang workarounds
[    0.887380] Unpacking initramfs...
[    1.123804] Freeing initrd memory: 14808K
[    1.125341] RAPL PMU detected, API unit is 2^-32 Joules, 3 fixed counters 10737418240 ms ovfl timer
[    1.138452] hw unit of domain pp0-core 2^-0 Joules
[    1.142819] hw unit of domain package 2^-0 Joules
[    1.161811] hw unit of domain pp1-gpu 2^-0 Joules
[    1.163777] platform rtc_cmos: registered platform RTC device (no PNP device found)
[    1.166882] Scanning for low memory corruption every 60 seconds
[    1.179184] audit: initializing netlink subsys (disabled)
[    1.181092] audit: type=2000 audit(1550182857.097:1): initialized
[    1.183596] Initialise system trusted keyring
[    1.185437] HugeTLB registered 2 MB page size, pre-allocated 0 pages
[    1.201464] zbud: loaded
[    1.202680] VFS: Disk quotas dquot_6.6.0
[    1.203745] VFS: Dquot-cache hash table entries: 512 (order 0, 4096 bytes)
[    1.205556] squashfs: version 4.0 (2009/01/31) Phillip Lougher
[    1.207267] fuse init (API version 7.23)
[    1.208421] Key type big_key registered
[    1.209447] Allocating IMA MOK and blacklist keyrings.
[    1.212170] Key type asymmetric registered
[    1.213183] Asymmetric key parser 'x509' registered
[    1.214362] Block layer SCSI generic (bsg) driver version 0.4 loaded (major 249)
[    1.216323] io scheduler noop registered
[    1.217312] io scheduler deadline registered (default)
[    1.218518] io scheduler cfq registered
[    1.219631] pci_hotplug: PCI Hot Plug PCI Core version: 0.5
[    1.221000] pciehp: PCI Express Hot Plug Controller Driver version: 0.4
[    1.222611] ACPI: AC Adapter [AC] (off-line)
[    1.223755] input: Power Button as /devices/LNXSYSTM:00/LNXPWRBN:00/input/input0
[    1.225621] ACPI: Power Button [PWRF]
[    1.226632] input: Sleep Button as /devices/LNXSYSTM:00/LNXSLPBN:00/input/input1
[    1.228429] ACPI: Sleep Button [SLPF]
[    1.229650] GHES: HEST is not enabled!
[    1.231438] ACPI: Battery Slot [BAT0] (battery present)
[    1.232893] Serial: 8250/16550 driver, 32 ports, IRQ sharing enabled
[    1.257023] 00:02: ttyS0 at I/O 0x3f8 (irq = 4, base_baud = 115200) is a 16550A
[    1.267476] Linux agpgart interface v0.103
[    1.282537] loop: module loaded
[    1.284982] scsi host0: ata_piix
[    1.286267] scsi host1: ata_piix
[    1.287355] ata1: PATA max UDMA/33 cmd 0x1f0 ctl 0x3f6 bmdma 0xd000 irq 14
[    1.289253] ata2: PATA max UDMA/33 cmd 0x170 ctl 0x376 bmdma 0xd008 irq 15
[    1.299156] libphy: Fixed MDIO Bus: probed
[    1.307777] tun: Universal TUN/TAP device driver, 1.6
[    1.309246] tun: (C) 1999-2004 Max Krasnyansky <maxk@qualcomm.com>
[    1.311121] PPP generic driver version 2.4.2
[    1.312600] ehci_hcd: USB 2.0 'Enhanced' Host Controller (EHCI) Driver
[    1.314388] ehci-pci: EHCI PCI platform driver
[    1.315729] ehci-platform: EHCI generic platform driver
[    1.317290] ohci_hcd: USB 1.1 'Open' Host Controller (OHCI) Driver
[    1.319012] ohci-pci: OHCI PCI platform driver
[    1.320333] ohci-platform: OHCI generic platform driver
[    1.321893] uhci_hcd: USB Universal Host Controller Interface driver
[    1.323723] i8042: PNP: PS/2 Controller [PNP0303:PS2K,PNP0f03:PS2M] at 0x60,0x64 irq 1,12
[    1.326706] serio: i8042 KBD port at 0x60,0x64 irq 1
[    1.328162] serio: i8042 AUX port at 0x60,0x64 irq 12
[    1.329919] mousedev: PS/2 mouse device common for all mice
[    1.332243] input: AT Translated Set 2 keyboard as /devices/platform/i8042/serio0/input/input2
[    1.335051] rtc_cmos rtc_cmos: rtc core: registered rtc_cmos as rtc0
[    1.336913] rtc_cmos rtc_cmos: alarms up to one day, 114 bytes nvram
[    1.338653] i2c /dev entries driver
[    1.339836] device-mapper: uevent: version 1.0.3
[    1.341374] device-mapper: ioctl: 4.34.0-ioctl (2015-10-28) initialised: dm-devel@redhat.com
[    1.345604] ledtrig-cpu: registered to indicate activity on CPUs
[    1.363068] NET: Registered protocol family 10
[    1.365100] NET: Registered protocol family 17
[    1.366732] Key type dns_resolver registered
[    1.369035] registered taskstats version 1
[    1.370559] Loading compiled-in X.509 certificates
[    1.373435] Loaded X.509 cert 'Build time autogenerated kernel key: 7c9fb337b82e5a343493fe891c556beae1895c7c'
[    1.376853] zswap: loaded using pool lzo/zbud
[    1.381089] Key type trusted registered
[    1.387865] Key type encrypted registered
[    1.389432] AppArmor: AppArmor sha1 policy hashing enabled
[    1.391303] ima: No TPM chip found, activating TPM-bypass!
[    1.393202] ima: Allocated hash algorithm: sha1
[    1.394837] evm: HMAC attrs: 0x1
[    1.396724]   Magic number: 7:632:350
[    1.405380] rtc_cmos rtc_cmos: setting system clock to 2019-02-14 22:20:52 UTC (1550182852)
[    1.408569] BIOS EDD facility v0.16 2004-Jun-25, 0 devices found
[    1.410549] EDD information not available.
[    1.456487] Freeing unused kernel memory: 1528K
[    1.483795] Write protecting the kernel read-only data: 14336k
[    1.486583] Freeing unused kernel memory: 1660K
[    1.488761] Freeing unused kernel memory: 88K
Loading, please wait...
starting version 229
[    1.509544] random: systemd-udevd: uninitialized urandom read (16 bytes read, 2 bits of entropy available)
[    1.510926] random: udevadm: uninitialized urandom read (16 bytes read, 2 bits of entropy available)
[    1.510962] random: udevadm: uninitialized urandom read (16 bytes read, 2 bits of entropy available)
[    1.530442] random: udevadm: uninitialized urandom read (16 bytes read, 2 bits of entropy available)
[    1.530519] random: udevadm: uninitialized urandom read (16 bytes read, 2 bits of entropy available)
[    1.530791] random: udevadm: uninitialized urandom read (16 bytes read, 2 bits of entropy available)
[    1.530914] random: udevadm: uninitialized urandom read (16 bytes read, 2 bits of entropy available)
[    1.531023] random: udevadm: uninitialized urandom read (16 bytes read, 2 bits of entropy available)
[    1.531126] random: udevadm: uninitialized urandom read (16 bytes read, 2 bits of entropy available)
[    1.531228] random: udevadm: uninitialized urandom read (16 bytes read, 2 bits of entropy available)
[    1.619986] Fusion MPT base driver 3.04.20
[    1.629608] Copyright (c) 1999-2008 LSI Corporation
[    1.643015] e1000: Intel(R) PRO/1000 Network Driver - version 7.3.21-k8-NAPI
[    1.662826] e1000: Copyright (c) 1999-2006 Intel Corporation.
[    1.674136] Fusion MPT SPI Host driver 3.04.20
[    1.681038] mptbase: ioc0: Initiating bringup
[    1.690207] AVX version of gcm_enc/dec engaged.
[    1.694934] AES CTR mode by8 optimization enabled
[    1.758057] ioc0: LSI53C1030 A0: Capabilities={Initiator}
[    2.132801] input: ImExPS/2 Generic Explorer Mouse as /devices/platform/i8042/serio1/input/input4
[    2.160339] tsc: Refined TSC clocksource calibration: 2295.177 MHz
[    2.177939] clocksource: tsc: mask: 0xffffffffffffffff max_cycles: 0x2115691ff44, max_idle_ns: 440795287583 ns
[    2.319052] scsi host2: ioc0: LSI53C1030 A0, FwRev=00000000h, Ports=1, MaxQ=256, IRQ=20
[    2.444886] scsi 2:0:0:0: Direct-Access     VBOX     HARDDISK         1.0  PQ: 0 ANSI: 5
[    2.456733] scsi target2:0:0: Beginning Domain Validation
[    2.459959] scsi target2:0:0: Domain Validation skipping write tests
[    2.462066] scsi target2:0:0: Ending Domain Validation
[    2.463897] scsi target2:0:0: asynchronous
[    2.465973] scsi 2:0:1:0: Direct-Access     VBOX     HARDDISK         1.0  PQ: 0 ANSI: 5
[    2.472085] scsi target2:0:1: Beginning Domain Validation
[    2.488110] scsi target2:0:1: Domain Validation skipping write tests
[    2.491162] scsi target2:0:1: Ending Domain Validation
[    2.492827] scsi target2:0:1: asynchronous
[    2.509270] sd 2:0:0:0: Attached scsi generic sg0 type 0
[    2.511160] sd 2:0:0:0: [sda] 20971520 512-byte logical blocks: (10.7 GB/10.0 GiB)
[    2.514129] sd 2:0:1:0: Attached scsi generic sg1 type 0
[    2.515256] sd 2:0:1:0: [sdb] 20480 512-byte logical blocks: (10.5 MB/10.0 MiB)
[    2.525071] sd 2:0:1:0: [sdb] Write Protect is off
[    2.526606] sd 2:0:0:0: [sda] Write Protect is off
[    2.529399] sd 2:0:1:0: [sdb] Incomplete mode parameter data
[    2.531053] sd 2:0:1:0: [sdb] Assuming drive cache: write through
[    2.532938] sd 2:0:0:0: [sda] Incomplete mode parameter data
[    2.534596] sd 2:0:0:0: [sda] Assuming drive cache: write through
[    2.538504]  sda: sda1
[    2.541810] sd 2:0:1:0: [sdb] Attached SCSI disk
[    2.543521] sd 2:0:0:0: [sda] Attached SCSI disk
[    3.168351] e1000 0000:00:03.0 eth0: (PCI:33MHz:32-bit) 02:9c:d2:53:c1:d1
[    3.171400] e1000 0000:00:03.0 eth0: Intel(R) PRO/1000 Network Connection
[    3.676749] e1000 0000:00:08.0 eth1: (PCI:33MHz:32-bit) 08:00:27:d9:33:cf
[    3.681575] e1000 0000:00:08.0 eth1: Intel(R) PRO/1000 Network Connection
[    3.684263] e1000 0000:00:03.0 enp0s3: renamed from eth0
[    3.696632] e1000 0000:00:08.0 enp0s8: renamed from eth1
Begin: Loading essential drivers[    5.122764] md: linear personality registered for level -1
 ... [    5.133179] md: multipath personality registered for level -4
[    5.141726] md: raid0 personality registered for level 0
[    5.147459] md: raid1 personality registered for level 1
[    5.220087] raid6: sse2x1   gen()  7333 MB/s
[    5.292074] raid6: sse2x1   xor()  5740 MB/s
[    5.364112] raid6: sse2x2   gen()  8773 MB/s
[    5.432071] raid6: sse2x2   xor()  6361 MB/s
[    5.500097] raid6: sse2x4   gen()  9710 MB/s
[    5.572053] raid6: sse2x4   xor()  5188 MB/s
[    5.573620] raid6: using algorithm sse2x4 gen() 9710 MB/s
[    5.575430] raid6: .... xor() 5188 MB/s, rmw enabled
[    5.577183] raid6: using ssse3x2 recovery algorithm
[    5.581174] xor: automatically using best checksumming function:
[    5.624288]    avx       : 25755.000 MB/sec
[    5.633067] async_tx: api initialized (async)
[    5.646778] md: raid6 personality registered for level 6
[    5.648395] md: raid5 personality registered for level 5
[    5.649878] md: raid4 personality registered for level 4
[    5.658097] md: raid10 personality registered for level 10
done.
Begin: Running /scripts/init-premount ... done.
Begin: Mounting root file system ... Begin: Running /scripts/local-top ... done.
Begin: Running /scripts/local-premount ... [    5.714681] Btrfs loaded
Scanning for Btrfs filesystems
done.
Warning: fsck not present, so skipping root file system
[    5.767360] EXT4-fs (sda1): mounted filesystem with ordered data mode. Opts: (null)
done.
Begin: Running /scripts/local-bottom ... done.
Begin: Running /scripts/init-bottom ... done.
[    5.944717] systemd[1]: systemd 229 running in system mode. (+PAM +AUDIT +SELINUX +IMA +APPARMOR +SMACK +SYSVINIT +UTMP +LIBCRYPTSETUP +GCRYPT +GNUTLS +ACL +XZ -LZ4 +SECCOMP +BLKID +ELFUTILS +KMOD -IDN)
[    5.948735] systemd[1]: Detected virtualization oracle.
[    5.950018] systemd[1]: Detected architecture x86-64.

Welcome to [1mUbuntu 16.04.5 LTS[0m!

[    5.954916] systemd[1]: Set hostname to <ubuntu>.
[    5.958813] systemd[1]: Initializing machine ID from random generator.
[    5.960337] systemd[1]: Installed transient /etc/machine-id file.
[    6.164263] systemd[1]: Listening on Device-mapper event daemon FIFOs.
[[0;32m  OK  [0m] Listening on Device-mapper event daemon FIFOs.
[    6.170860] systemd[1]: Started Forward Password Requests to Wall Directory Watch.
[[0;32m  OK  [0m] Started Forward Password Requests to Wall Directory Watch.
[    6.175094] systemd[1]: Reached target System Time Synchronized.
[[0;32m  OK  [0m] Reached target System Time Synchronized.
[    6.177929] systemd[1]: Listening on udev Control Socket.
[[0;32m  OK  [0m] Listening on udev Control Socket.
[    6.180488] systemd[1]: Listening on udev Kernel Socket.
[[0;32m  OK  [0m] Listening on udev Kernel Socket.
[    6.182995] systemd[1]: Reached target Encrypted Volumes.
[[0;32m  OK  [0m] Reached target Encrypted Volumes.
[    6.185888] systemd[1]: Created slice System Slice.
[[0;32m  OK  [0m] Created slice System Slice.
[    6.188888] systemd[1]: Created slice system-serial\x2dgetty.slice.
[[0;32m  OK  [0m] Created slice system-serial\x2dgetty.slice.
[    6.191728] systemd[1]: Listening on /dev/initctl Compatibility Named Pipe.
[[0;32m  OK  [0m] Listening on /dev/initctl Compatibility Named Pipe.
[    6.194783] systemd[1]: Listening on Syslog Socket.
[[0;32m  OK  [0m] Listening on Syslog Socket.
[    6.197268] systemd[1]: Listening on Journal Audit Socket.
[[0;32m  OK  [0m] Listening on Journal Audit Socket.
[    6.199781] systemd[1]: Listening on Journal Socket (/dev/log).
[[0;32m  OK  [0m] Listening on Journal Socket (/dev/log).
[    6.202640] systemd[1]: Set up automount Arbitrary Executable File Formats File System Automount Point.
[[0;32m  OK  [0m] Set up automount Arbitrary Executab...ats File System Automount Point.
[    6.206901] systemd[1]: Created slice User and Session Slice.
[[0;32m  OK  [0m] Created slice User and Session Slice.
[    6.209553] systemd[1]: Reached target Slices.
[[0;32m  OK  [0m] Reached target Slices.
[    6.211785] systemd[1]: Listening on Journal Socket.
[[0;32m  OK  [0m] Listening on Journal Socket.
[    6.232402] systemd[1]: Starting Remount Root and Kernel File Systems...
[    6.237909] EXT4-fs (sda1): re-mounted. Opts: (null)
         Starting Remount Root and Kernel File Systems...
[    6.259326] systemd[1]: Starting Uncomplicated firewall...
         Starting Uncomplicated firewall...
[    6.269940] systemd[1]: Mounting POSIX Message Queue File System...
         Mounting POSIX Message Queue File System...
[    6.274383] systemd[1]: Mounting Debug File System...
         Mounting Debug File System...
[    6.277996] systemd[1]: Starting Nameserver information manager...
         Starting Nameserver information manager...
[    6.282224] systemd[1]: Starting Create list of required static device nodes for the current kernel...
         Starting Create list of required st... nodes for the current kernel...
[    6.292000] systemd[1]: Starting Load Kernel Modules...
         Starting Load Ke[    6.310970] Loading iSCSI transport class v2.0-870.
rnel Modules...
[    6.390104] systemd[1]: Starting Journal Service...
         Starting Journal Service...
[    6.399076] iscsi: registered transport (tcp)
[    6.464352] systemd[1]: Mounting Huge Pages File System...
         Mounting Huge Pages File System...
[    6.471436] systemd[1]: Listening on LVM2 poll daemon socket.
[[0;32m  OK  [0m] Listening on LVM2 poll daemon socket.
[    6.477277] systemd[1]: Starting Set console keymap...
         Starting Set console keymap...
[    6.480961] systemd[1]: Reached target Swap.
[[0;32m  OK  [0m] Reached target Swap.
[    6.492937] systemd[1]: Started Trigger resolvconf update for networkd DNS.
[[0;32m  OK  [0[    6.514497] iscsi: registered transport (iser)
m] Started Trigger resolvconf update for networkd DNS.
[    6.516655] systemd[1]: Reached target User and Group Name Lookups.
[[0;32m  OK  [0m] Reached target User and Group Name Lookups.
[    6.529212] systemd[1]: Listening on LVM2 metadata daemon socket.
[[0;32m  OK  [0m] Listening on LVM2 metadata daemon socket.
[    6.552709] systemd[1]: Starting Monitoring of LVM2 mirrors, snapshots etc. using dmeventd or progress polling...
         Starting Monitoring of LVM2 mirrors... dmeventd or progress polling...
[    6.605551] systemd[1]: Mounted Debug File System.
[[0;32m  OK  [0m] Mounted Debug File System.
[    6.617179] systemd[1]: Mounted Huge Pages File System.
[[0;32m  OK  [0m] Mounted Huge Pages File System.
[    6.624892] systemd[1]: Mounted POSIX Message Queue File System.
[[0;32m  OK  [0m] Mounted POSIX Message Queue File System.
[    6.645257] systemd[1]: Started Journal Service.
[[0;32m  OK  [0m] Started Journal Service.
[[0;32m  OK  [0m] Started Remount Root and Kernel File Systems.
[[0;32m  OK  [0m] Started Uncomplicated firewall.
[[0;32m  OK  [0m] Started Create list of required sta...ce nodes for the current kernel.
[[0;32m  OK  [0m] Started Load Kernel Modules.
[[0;32m  OK  [0m] Started Set console keymap.
[[0;32m  OK  [0m] Started Nameserver information manager.
[[0;32m  OK  [0m] Started LVM2 metadata daemon.
         Mounting FUSE Control File System...
         Starting Apply Kernel Variables...
         Starting Create Static Device Nodes in /dev...
         Starting Load/Save Random Seed...
         Starting udev Coldplug all Devices...
         Starting Flush Journal to Persistent Storage...
[[0;32m  OK  [0m] Mounted FUSE Control File System.
[[0;32m  OK  [0m] Started Apply Kernel Variables.
[[0;32m  OK  [0m] Started Create Static Device Nodes in /dev.
[[0;32m  OK  [0m] Started Load/Save Random Seed.
[[0;32m  OK  [0m] Started udev Coldplug all Devices.
[[0;32m  OK  [0m] Started Flush Journal to Persistent Storage.
         Starting udev Kernel Device Manager...
[[0;32m  OK  [0m] Started udev Kernel Device Manager.
[[0;32m  OK  [0m] Started Dispatch Password Requests to Console Directory Watch.
[[0;32m  OK  [0m] Started Monitoring of LVM2 mirrors,...ng dmeventd or progress polling.
[[0;32m  OK  [0m] Reached target Local File Systems (Pre).
[[0;32m  OK  [0m] Reached target Local File Systems.
         Starting Tell Plymouth To Write Out Runtime Data...
         Starting Commit a transient machine-id on disk...
         Starting Set console font and keymap...
         Starting LSB: AppArmor initialization...
         Starting Create Volatile Files and Directories...
         Starting Initial cloud-init job (pre-networking)...
[[0;32m  OK  [0m] Started Tell Plymouth To Write Out Runtime Data.
[[0;32m  OK  [0m] Started Commit a transient machine-id on disk.
[[0;32m  OK  [0m] Started Create Volatile Files and Directories.
[[0;32m  OK  [0m] Found device /dev/ttyS0.
[[0;32m  OK  [0m] Listening on Load/Save RF Kill Switch Status /dev/rfkill Watch.
         Starting Update UTMP about System Boot/Shutdown...
[[0;32m  OK  [0m] Started Update UTMP about System Boot/Shutdown.
[    8.212198] cloud-init[555]: Cloud-init v. 18.4-0ubuntu1~16.04.2 running 'init-local' at Thu, 14 Feb 2019 22:20:59 +0000. Up 7.67 seconds.
[[0;32m  OK  [0m] Started Set console font and keymap.
[[0;32m  OK  [0m] Created slice system-getty.slice.
[[0;32m  OK  [0m] Started Initial cloud-init job (pre-networking).
[[0;32m  OK  [0m] Reached target Network (Pre).
[[0;32m  OK  [0m] Started LSB: AppArmor initialization.
         Starting Raise network interfaces...
[[0;32m  OK  [0m] Started Raise network interfaces.
[[0;32m  OK  [0m] Reached target Network.
         Starting Initial cloud-init job (metadata service crawler)...
[   10.100133] cloud-init[941]: Cloud-init v. 18.4-0ubuntu1~16.04.2 running 'init' at Thu, 14 Feb 2019 22:21:00 +0000. Up 9.32 seconds.
[   10.109680] cloud-init[941]: ci-info: ++++++++++++++++++++++++++++++++++++++Net device info+++++++++++++++++++++++++++++++++++++++
[   10.112535] cloud-init[941]: ci-info: +--------+-------+----------------------------+---------------+--------+-------------------+
[   10.115336] cloud-init[941]: ci-info: | Device |   Up  |          Address           |      Mask     | Scope  |     Hw-Address    |
[   10.118094] cloud-init[941]: ci-info: +--------+-------+----------------------------+---------------+--------+-------------------+
[   10.121134] cloud-init[941]: ci-info: | enp0s3 |  True |         10.0.2.15          | 255.255.255.0 | global | 02:9c:d2:53:c1:d1 |
[   10.124222] cloud-init[941]: ci-info: | enp0s3 |  True | fe80::9c:d2ff:fe53:c1d1/64 |       .       |  link  | 02:9c:d2:53:c1:d1 |
[   10.129376] cloud-init[941]: ci-info: | enp0s8 | False |             .              |       .       |   .    | 08:00:27:d9:33:cf |
[   10.132095] cloud-init[941]: ci-info: |   lo   |  True |         127.0.0.1          |   255.0.0.0   |  host  |         .         |
[   10.134811] cloud-init[941]: ci-info: |   lo   |  True |          ::1/128           |       .       |  host  |         .         |
[   10.137586] cloud-init[941]: ci-info: +--------+-------+----------------------------+---------------+--------+-------------------+
[   10.140337] cloud-init[941]: ci-info: +++++++++++++++++++++++++++Route IPv4 info++++++++++++++++++++++++++++
[   10.142780] cloud-init[941]: ci-info: +-------+-------------+----------+---------------+-----------+-------+
[   10.145255] cloud-init[941]: ci-info: | Route | Destination | Gateway  |    Genmask    | Interface | Flags |
[   10.147694] cloud-init[941]: ci-info: +-------+-------------+----------+---------------+-----------+-------+
[   10.150148] cloud-init[941]: ci-info: |   0   |   0.0.0.0   | 10.0.2.2 |    0.0.0.0    |   enp0s3  |   UG  |
[   10.177415] cloud-init[941]: ci-info: |   1   |   10.0.2.0  | 0.0.0.0  | 255.255.255.0 |   enp0s3  |   U   |
[   10.180318] cloud-init[941]: ci-info: +-------+-------------+----------+---------------+-----------+-------+
[   10.183319] cloud-init[941]: ci-info: +++++++++++++++++++Route IPv6 info+++++++++++++++++++
[   10.186024] cloud-init[941]: ci-info: +-------+-------------+---------+-----------+-------+
[   10.188772] cloud-init[941]: ci-info: | Route | Destination | Gateway | Interface | Flags |
[   10.211809] cloud-init[941]: ci-info: +-------+-------------+---------+-----------+-------+
[   10.212264] cloud-init[941]: ci-info: |   0   |  fe80::/64  |    ::   |   enp0s3  |   U   |
[   10.212572] cloud-init[941]: ci-info: |   3   |   ff00::/8  |    ::   |   enp0s3  |   U   |
[   10.213012] cloud-init[941]: ci-info: +-------+-------------+---------+-----------+-------+
[   10.213256] cloud-init[941]: Generating public/private rsa key pair.
[   10.213504] cloud-init[941]: Your identification has been saved in /etc/ssh/ssh_host_rsa_key.
[   10.213752] cloud-init[941]: Your public key has been saved in /etc/ssh/ssh_host_rsa_key.pub.
[   10.214012] cloud-init[941]: The key fingerprint is:
[   10.214248] cloud-init[941]: SHA256:kxAWl7gB1dHrm0bSUvQKSrg1nXq9Arhc42a/WvMFN2c root@ubuntu-xenial
[   10.214507] cloud-init[941]: The key's randomart image is:
[[0;32m  OK  [0m] Started Initial cloud-init job (metadata service crawler).
[   10.214727] cloud-init[941]: +---[RSA 2048]----+
[   10.227719] cloud-init[941]: |    .o=+o+       |
[   10.229174] cloud-init[941]: |     .ooo o      |
[   10.230614] cloud-init[941]: |     ..+ o o     |
[   10.232034] cloud-init[941]: |    . =.+.o .    |
[   10.233493] cloud-init[941]: |     = +S*..o E  |
[   10.234016] cloud-init[941]: |    o * +.*o +   |
[   10.234259] cloud-init[941]: |   . + +o+ +.    |
[   10.234509] cloud-init[941]: |    o +..o=.     |
[[0;32m  OK  [0m] Reached target Network is Online.
[   10.234736] cloud-init[941]: |     o.oo+.      |
[   10.241414] cloud-init[941]: +----[SHA256]-----+
[   10.243142] cloud-init[941]: Generating public/private dsa key pair.
[   10.244833] cloud-init[941]: Your identification has been saved in /etc/ssh/ssh_host_dsa_key.
[   10.246720] cloud-init[941]: Your public key has been saved in /etc/ssh/ssh_host_dsa_key.pub.
[   10.248673] cloud-init[941]: The key fingerprint is:
[   10.249974] cloud-init[941]: SHA256:s6PzEmD+AM8cuBWpx2t6/UypQz7VteTlbibSuHzhEhY root@ubuntu-xenial
[   10.251944] cloud-init[941]: The key's randomart image is:
[   10.252504] cloud-init[941]: +---[DSA 1024]----+
[   10.252755] cloud-init[941]: |     .           |
[   10.252992] cloud-init[941]: |    o            |
[   10.253227] cloud-init[941]: |   + .           |
[   10.253467] cloud-init[941]: |  + B     E o .  |
[   10.253715] cloud-init[941]: |   @ +  S. = +   |
[   10.253945] cloud-init[941]: |  . O o .++ + .  |
[   10.254185] cloud-init[941]: |   o * o=. = o   |
[   10.254414] cloud-init[941]: |  . . O= o+ = +  |
[   10.254904] cloud-init[941]: |   .  oB+ o= +   |
[   10.255144] cloud-init[941]: +----[SHA256]-----+
[   10.255380] cloud-init[941]: Generating public/private ecdsa key pair.
[   10.255617] cloud-init[941]: Your identification has been saved in /etc/ssh/ssh_host_ecdsa_key.
[   10.255850] cloud-init[941]: Your public key has been saved in /etc/ssh/ssh_host_ecdsa_key.pub.
[   10.256148] cloud-init[941]: The key fingerprint is:
[   10.256340] cloud-init[941]: SHA256:No+loBOMjUh9YFiGdNuVpWq1YmREytGdd/cbhdRCKCA root@ubuntu-xenial
[   10.256571] cloud-init[941]: The key's randomart image is:
[   10.256815] cloud-init[941]: +---[ECDSA 256]---+
[   10.257042] cloud-init[941]: |..+BooE.=o   +oo |
[   10.257277] cloud-init[941]: | o* B..=......o o|
[   10.257514] cloud-init[941]: | . = = o. ... ...|
[   10.257748] cloud-init[941]: |.. =+ o .      o |
[   10.257983] cloud-init[941]: |. o +=..S .     o|
[   10.258220] cloud-init[941]: |    oo.o *     . |
[   10.258455] cloud-init[941]: |    o   o .      |
[   10.258919] cloud-init[941]: |     .           |
[   10.259155] cloud-init[941]: |                 |
[   10.259396] cloud-init[941]: +----[SHA256]-----+
[   10.259605] cloud-init[941]: Generating public/private ed25519 key pair.
[   10.259712] cloud-init[941]: Your identification has been saved in /etc/ssh/ssh_host_ed25519_key.
[   10.259811] cloud-init[941]: Your public key has been saved in /etc/ssh/ssh_host_ed25519_key.pub.
         Starting iSCSI initiator daemon (iscsid)...
[   10.259907] cloud-init[941]: The key fingerprint is:
[   10.260316] cloud-init[941]: SHA256:yi+pGYYgm+7dq7RA7b9w/8nz022MwA3ZVPHsJXYet34 root@ubuntu-xenial
[   10.298847] cloud-init[941]: The key's randomart image is:
[   10.299058] cloud-init[941]: +--[ED25519 256]--+
[   10.299299] cloud-init[941]: |              .o.|
[   10.299551] cloud-init[941]: |             . ..|
[   10.300240] cloud-init[941]: |            + o.*|
[   10.300580] cloud-init[941]: |  .        o o ==|
[   10.300813] cloud-init[941]: |o. .    S . o  .o|
[   10.301063] cloud-init[941]: |o+.. . .   o ..  |
[   10.301309] cloud-init[941]: |o..+o.o.    o +.E|
[   10.301564] cloud-init[941]: |. +.*o+..... o +.|
[   10.301812] cloud-init[941]: |.o ++*ooo+o.. .  |
[   10.302066] cloud-init[941]: +----[SHA256]-----+
[[0;32m  OK  [0m] Reached target Cloud-config availability.
[[0;32m  OK  [0m] Reached target System Initialization.
[[0;32m  OK  [0m] Started Daily Cleanup of Temporary Directories.
[[0;32m  OK  [0m] Listening on D-Bus System Message Bus Socket.
[[0;32m  OK  [0m] Listening on UUID daemon activation socket.
         Starting Socket activation for snappy daemon.
[[0;32m  OK  [0m] Started ACPI Events Check.
[[0;32m  OK  [0m] Reached target Paths.
[[0;32m  OK  [0m] Started Daily apt download activities.
[[0;32m  OK  [0m] Started Daily apt upgrade and clean activities.
[[0;32m  OK  [0m] Reached target Timers.
         Starting LXD - unix socket.
[[0;32m  OK  [0m] Listening on ACPID Listen Socket.
[[0;32m  OK  [0m] Listening on Socket activation for snappy daemon.
[[0;32m  OK  [0m] Listening on LXD - unix socket.
[[0;32m  OK  [0m] Started iSCSI initiator daemon (iscsid).
         Starting Login to default iSCSI targets...
[[0;32m  OK  [0m] Reached target Sockets.
[[0;32m  OK  [0m] Reached target Basic System.
         Starting System Logging Service...
[[0;32m  OK  [0m] Started Regular background program processing daemon.
[[0;32m  OK  [0m] Started Unattended Upgrades Shutdown.
         Starting Accounts Service...
         Starting Pollinate to seed the pseudo random number generator...
[[0;32m  OK  [0m] Started FUSE filesystem for LXC.
[[0;32m  OK  [0m] Started ACPI event daemon.
         Starting Snappy daemon...
         Starting LXD - container startup/shutdown...
         Starting Virtualbox guest utils...
         Starting LSB: Record successful boot for GRUB...
[[0;32m  OK  [0m] Started Deferred execution scheduler.
[[0;32m  OK  [0m] Started D-Bus System Message Bus.
         Starting Login Service...
         Starting LSB: MD monitoring daemon...
         Starting /etc/rc.local Compatibility...
[[0;32m  OK  [0m] Started System Logging Service.
[[0;32m  OK  [0m] Started /etc/rc.local Compatibility.
[[0;32m  OK  [0m] Started Login to default iSCSI targets.
[[0;32m  OK  [0m] Started LXD - container startup/shutdown.
[[0;32m  OK  [0m] Started LSB: Record successful boot for GRUB.
[[0;32m  OK  [0m] Started LSB: MD monitoring daemon.
[[0;32m  OK  [0m] Started Virtualbox guest utils.
[[0;32m  OK  [0m] Started Snappy daemon.
         Starting Authenticate and Authorize Users to Run Privileged Tasks...
         Starting Wait until snapd is fully seeded...
[[0;32m  OK  [0m] Reached target Remote File Systems (Pre).
[[0;32m  OK  [0m] Reached target Remote File Systems.
         Starting LSB: automatic crash report generation...
         Starting LSB: Set the CPU Frequency Scaling governor to "ondemand"...
         Starting LSB: daemon to balance interrupts for SMP systems...
         Starting Permit User Sessions...
[[0;32m  OK  [0m] Started Permit User Sessions.
[[0;32m  OK  [0m] Started Login Service.
[[0;32m  OK  [0m] Started Authenticate and Authorize Users to Run Privileged Tasks.
[[0;32m  OK  [0m] Started Accounts Service.
         Starting Hold until boot process finishes up...
         Starting Terminate Plymouth Boot Screen...
[[0;32m  OK  [0m] Started Pollinate to seed the pseudo random number generator.
[[0;32m  OK  [0m] Started LSB: automatic crash report generation.
[[0;32m  OK  [0m] Started LSB: Set the CPU Frequency Scaling governor to "ondemand".
[[0;32m  OK  [0m] Started LSB: daemon to balance interrupts for SMP systems.
[[0;32m  OK  [0m] Started Hold until boot process finishes up.
[[0;32m  OK  [0m] Started Terminate Plymouth Boot Screen.
         Starting Set console scheme...
[[0;32m  OK  [0m] Started Getty on tty1.
[[0;32m  OK  [0m] Started Serial Getty on ttyS0.
[[0;32m  OK  [0m] Reached target Login Prompts.
         Starting OpenBSD Secure Shell server...
[[0;32m  OK  [0m] Started Set console scheme.
[[0;32m  OK  [0m] Started OpenBSD Secure Shell server.
[[0;32m  OK  [0m] Started Wait until snapd is fully seeded.
         Starting Apply the settings specified in cloud-config...
[[0;32m  OK  [0m] Reached target Multi-User System.
[[0;32m  OK  [0m] Reached target Graphical Interface.
         Starting Update UTMP about System Runlevel Changes...
[[0;32m  OK  [0m] Started Update UTMP about System Runlevel Changes.
[[0;32m  OK  [0m] Created slice User Slice of vagrant.
         Starting User Manager for UID 1000...
[[0;32m  OK  [0m] Started Session 1 of user vagrant.
[   12.147128] cloud-init[1267]: Generating locales (this might take a while)...
[[0;32m  OK  [0m] Started User Manager for UID 1000.
[   13.404472] cloud-init[1267]:   en_US.UTF-8... done
[   13.416755] cloud-init[1267]: Generation complete.
[   13.888494] cloud-init[1267]: Cloud-init v. 18.4-0ubuntu1~16.04.2 running 'modules:config' at Thu, 14 Feb 2019 22:21:03 +0000. Up 11.99 seconds.
[[0;32m  OK  [0m] Started Apply the settings specified in cloud-config.
         Starting Execute cloud user/final scripts...
ci-info: no authorized ssh keys fingerprints found for user ubuntu.
<14>Feb 14 22:21:06 ec2: 
<14>Feb 14 22:21:06 ec2: #############################################################
<14>Feb 14 22:21:06 ec2: -----BEGIN SSH HOST KEY FINGERPRINTS-----
<14>Feb 14 22:21:06 ec2: 1024 SHA256:s6PzEmD+AM8cuBWpx2t6/UypQz7VteTlbibSuHzhEhY root@ubuntu-xenial (DSA)
<14>Feb 14 22:21:06 ec2: 256 SHA256:No+loBOMjUh9YFiGdNuVpWq1YmREytGdd/cbhdRCKCA root@ubuntu-xenial (ECDSA)
<14>Feb 14 22:21:06 ec2: 256 SHA256:yi+pGYYgm+7dq7RA7b9w/8nz022MwA3ZVPHsJXYet34 root@ubuntu-xenial (ED25519)
<14>Feb 14 22:21:06 ec2: 2048 SHA256:kxAWl7gB1dHrm0bSUvQKSrg1nXq9Arhc42a/WvMFN2c root@ubuntu-xenial (RSA)
<14>Feb 14 22:21:06 ec2: -----END SSH HOST KEY FINGERPRINTS-----
<14>Feb 14 22:21:06 ec2: #############################################################
-----BEGIN SSH HOST KEY KEYS-----
ecdsa-sha2-nistp256 AAAAE2VjZHNhLXNoYTItbmlzdHAyNTYAAAAIbmlzdHAyNTYAAABBBCJmIicvPGCKdntJlOybI937ZlhQWPPHsnSd3hr64vCxeXqQ2LpEgN7SP+UvrLBsGjR4jL5OnoO/xEsz45CeYnE= root@ubuntu-xenial
ssh-ed25519 AAAAC3NzaC1lZDI1NTE5AAAAIBT/iEK98518e3hcUXnkevrfHjGuZEjnzJfayyZm+Z/b root@ubuntu-xenial
ssh-rsa AAAAB3NzaC1yc2EAAAADAQABAAABAQDUkrjXoowwpIOI7yaogmKO2re/4eyoOzGjdKqfxCbUHOgN+dDDip3mmaXt2la2ZqHphMir57lXY2agQ1CIJmQtnsLoY0ynkPFpQs/ZzqM3fY+X6jGIhlsMgmexZNim69WKYLaVDamDbh+9UJmN1gN1Js2EgW41nIkgKniVImgn7O+ha/4CmmFkpkIhzZZW53/F30zVj2QwpQDMvOEB4oATyZm+/BhZ20ZIu3lBYUNi93o+vXxNjjwNHXQtImXme9sKgwK3dcXP3sOfSETpmqDRT7gGI1yyqASEeq0JvtS779tYS5YFHxjyZ3ri7VuVfI6iJnd5tgONTbep64g4zq0d root@ubuntu-xenial
-----END SSH HOST KEY KEYS-----
[   14.654397] cloud-init[1406]: Cloud-init v. 18.4-0ubuntu1~16.04.2 running 'modules:final' at Thu, 14 Feb 2019 22:21:06 +0000. Up 14.42 seconds.
[   14.666964] cloud-init[1406]: ci-info: no authorized ssh keys fingerprints found for user ubuntu.
[   14.716561] cloud-init[1406]: Cloud-init v. 18.4-0ubuntu1~16.04.2 finished at Thu, 14 Feb 2019 22:21:06 +0000. Datasource DataSourceNoCloud [seed=/dev/sdb][dsmode=net].  Up 14.64 seconds[[0;32m  OK  [0m] Started Execute cloud user/final scripts.

[[0;32m  OK  [0m] Reached target Cloud-init target.

Ubuntu 16.04.5 LTS ubuntu-xenial ttyS0

ubuntu-xenial login: 